npm warn Unknown project config "strict-peer-dependencies". This will stop working in the next major version of npm.

> temp-ng-project@0.0.0 test
> pnpm lint && ng test --watch=false --browsers=ChromeHeadless


> temp-ng-project@0.0.0 lint C:\Projects\ERP_ASPIRE_APP\erp-frontend-ng
> eslint src


C:\Projects\ERP_ASPIRE_APP\erp-frontend-ng\src\app\core\base\base-list.component.ts
  44:42  warning  Unexpected any. Specify a different type  @typescript-eslint/no-explicit-any
  44:47  warning  Unexpected any. Specify a different type  @typescript-eslint/no-explicit-any

C:\Projects\ERP_ASPIRE_APP\erp-frontend-ng\src\app\core\services\auth.service.spec.ts
  238:8  warning  'err' is defined but never used. Allowed unused args must match /^_/u  @typescript-eslint/no-unused-vars
  251:8  warning  'err' is defined but never used. Allowed unused args must match /^_/u  @typescript-eslint/no-unused-vars

C:\Projects\ERP_ASPIRE_APP\erp-frontend-ng\src\app\features\inventory\warehouses-list\warehouses-list.component.ts
  6:10  warning  'NzButtonModule' is defined but never used  @typescript-eslint/no-unused-vars
  7:10  warning  'NzInputModule' is defined but never used   @typescript-eslint/no-unused-vars
  8:10  warning  'NzIconModule' is defined but never used    @typescript-eslint/no-unused-vars

C:\Projects\ERP_ASPIRE_APP\erp-frontend-ng\src\app\layout\sidebar\sidebar.component.spec.ts
  111:71  warning  'action' is defined but never used. Allowed unused args must match /^_/u  @typescript-eslint/no-unused-vars

C:\Projects\ERP_ASPIRE_APP\erp-frontend-ng\src\app\shared\components\app-select\app-select.component.ts
  60:21  warning  Unexpected any. Specify a different type  @typescript-eslint/no-explicit-any
  67:10  warning  Unexpected any. Specify a different type  @typescript-eslint/no-explicit-any
  68:21  warning  Unexpected any. Specify a different type  @typescript-eslint/no-explicit-any
  71:21  warning  Unexpected any. Specify a different type  @typescript-eslint/no-explicit-any
  75:32  warning  Unexpected any. Specify a different type  @typescript-eslint/no-explicit-any

Ã”Â£Ã» 13 problems (0 errors, 13 warnings)

Node.js version v25.2.1 detected.
Odd numbered Node.js versions will not enter LTS status and should not be used for production. For more information, please see https://nodejs.org/en/about/previous-releases/.
- Generating browser application bundles (phase: setup)...
Ã”Â£Ã¶ Browser application bundle generation complete.

Error: src/app/core/services/auth.service.spec.ts:249:13 - error TS2339: Property 'refreshToken' does not exist on type 'AuthService'.

249     service.refreshToken().subscribe(
                ~~~~~~~~~~~~


Error: src/app/core/services/auth.service.spec.ts:251:8 - error TS7006: Parameter 'err' implicitly has an 'any' type.

251       (err) => {
           ~~~


Error: src/app/core/services/auth.service.spec.ts:332:13 - error TS2339: Property 'refreshToken' does not exist on type 'AuthService'.

332     service.refreshToken().subscribe(() => {
                ~~~~~~~~~~~~



[32m02 02 2026 14:42:12.557:INFO [karma-server]: [39mKarma v6.4.4 server started at http://localhost:9876/
[32m02 02 2026 14:42:12.558:INFO [launcher]: [39mLaunching browsers ChromeHeadless with concurrency unlimited
[91m02 02 2026 14:42:12.558:ERROR [karma-server]: [39mError: Found 1 load error
    at Server.<anonymous> (C:\Projects\ERP_ASPIRE_APP\erp-frontend-ng\node_modules\.pnpm\karma@6.4.4\node_modules\karma\lib\server.js:243:26)
    at Object.onceWrapper (node:events:622:28)
    at Server.emit (node:events:520:35)
    at emitListeningNT (node:net:1983:10)
    at process.processTicksAndRejections (node:internal/process/task_queues:88:21)
Ã”Â£Ã¶ Browser application bundle generation complete.
