
> temp-ng-project@0.0.0 test C:\Projects\ERP_ASPIRE_APP\erp-frontend-ng
> ng test --watch=false --browsers=ChromeHeadless

Node.js version v25.2.1 detected.
Odd numbered Node.js versions will not enter LTS status and should not be used for production. For more information, please see https://nodejs.org/en/about/previous-releases/.
- Generating browser application bundles (phase: setup)...
Ã”Â£Ã¶ Browser application bundle generation complete.
[32m27 01 2026 14:17:14.008:INFO [karma-server]: [39mKarma v6.4.4 server started at http://localhost:9876/
[32m27 01 2026 14:17:14.010:INFO [launcher]: [39mLaunching browsers ChromeHeadless with concurrency unlimited
[32m27 01 2026 14:17:14.018:INFO [launcher]: [39mStarting browser ChromeHeadless
[32m27 01 2026 14:17:16.009:INFO [Chrome Headless 144.0.0.0 (Windows 10)]: [39mConnected on socket u4Jn3L8QK1qo0zsXAAAB with id 28640403
Chrome Headless 144.0.0.0 (Windows 10): Executed 0 of 142[32m SUCCESS[39m (0 secs / 0 secs)
[1A[2K[31mChrome Headless 144.0.0.0 (Windows 10) SidebarComponent should render menu items FAILED[39m
	Expected 'ERP Admin' to contain 'Users'.
	    at <Jasmine>
	    at UserContext.apply (src/app/layout/sidebar/sidebar.component.spec.ts:37:39)
	    at _ZoneDelegate.invoke (node_modules/.pnpm/zone.js@0.15.1/node_modules/zone.js/fesm2015/zone.js:398:28)
	    at ProxyZoneSpec.onInvoke (node_modules/.pnpm/zone.js@0.15.1/node_modules/zone.js/fesm2015/zone-testing.js:2132:39)
	    at _ZoneDelegate.invoke (node_modules/.pnpm/zone.js@0.15.1/node_modules/zone.js/fesm2015/zone.js:397:34)
	Expected 'ERP Admin' to contain 'Roles'.
	    at <Jasmine>
	    at UserContext.apply (src/app/layout/sidebar/sidebar.component.spec.ts:38:39)
	    at _ZoneDelegate.invoke (node_modules/.pnpm/zone.js@0.15.1/node_modules/zone.js/fesm2015/zone.js:398:28)
	    at ProxyZoneSpec.onInvoke (node_modules/.pnpm/zone.js@0.15.1/node_modules/zone.js/fesm2015/zone-testing.js:2132:39)
	    at _ZoneDelegate.invoke (node_modules/.pnpm/zone.js@0.15.1/node_modules/zone.js/fesm2015/zone.js:397:34)
	Expected 'ERP Admin' to contain 'Permissions'.
	    at <Jasmine>
	    at UserContext.apply (src/app/layout/sidebar/sidebar.component.spec.ts:39:39)
	    at _ZoneDelegate.invoke (node_modules/.pnpm/zone.js@0.15.1/node_modules/zone.js/fesm2015/zone.js:398:28)
	    at ProxyZoneSpec.onInvoke (node_modules/.pnpm/zone.js@0.15.1/node_modules/zone.js/fesm2015/zone-testing.js:2132:39)
	    at _ZoneDelegate.invoke (node_modules/.pnpm/zone.js@0.15.1/node_modules/zone.js/fesm2015/zone.js:397:34)
	Expected 'ERP Admin' to contain 'Products'.
	    at <Jasmine>
	    at UserContext.apply (src/app/layout/sidebar/sidebar.component.spec.ts:40:39)
	    at _ZoneDelegate.invoke (node_modules/.pnpm/zone.js@0.15.1/node_modules/zone.js/fesm2015/zone.js:398:28)
	    at ProxyZoneSpec.onInvoke (node_modules/.pnpm/zone.js@0.15.1/node_modules/zone.js/fesm2015/zone-testing.js:2132:39)
	    at _ZoneDelegate.invoke (node_modules/.pnpm/zone.js@0.15.1/node_modules/zone.js/fesm2015/zone.js:397:34)
	Expected 'ERP Admin' to contain 'Warehouses'.
	    at <Jasmine>
	    at UserContext.apply (src/app/layout/sidebar/sidebar.component.spec.ts:41:39)
	    at _ZoneDelegate.invoke (node_modules/.pnpm/zone.js@0.15.1/node_modules/zone.js/fesm2015/zone.js:398:28)
	    at ProxyZoneSpec.onInvoke (node_modules/.pnpm/zone.js@0.15.1/node_modules/zone.js/fesm2015/zone-testing.js:2132:39)
	    at _ZoneDelegate.invoke (node_modules/.pnpm/zone.js@0.15.1/node_modules/zone.js/fesm2015/zone.js:397:34)
	Expected 'ERP Admin' to contain 'Customers'.
	    at <Jasmine>
	    at UserContext.apply (src/app/layout/sidebar/sidebar.component.spec.ts:42:39)
	    at _ZoneDelegate.invoke (node_modules/.pnpm/zone.js@0.15.1/node_modules/zone.js/fesm2015/zone.js:398:28)
	    at ProxyZoneSpec.onInvoke (node_modules/.pnpm/zone.js@0.15.1/node_modules/zone.js/fesm2015/zone-testing.js:2132:39)
	    at _ZoneDelegate.invoke (node_modules/.pnpm/zone.js@0.15.1/node_modules/zone.js/fesm2015/zone.js:397:34)
	Expected 'ERP Admin' to contain 'Sales Orders'.
	    at <Jasmine>
	    at UserContext.apply (src/app/layout/sidebar/sidebar.component.spec.ts:43:39)
	    at _ZoneDelegate.invoke (node_modules/.pnpm/zone.js@0.15.1/node_modules/zone.js/fesm2015/zone.js:398:28)
	    at ProxyZoneSpec.onInvoke (node_modules/.pnpm/zone.js@0.15.1/node_modules/zone.js/fesm2015/zone-testing.js:2132:39)
	    at _ZoneDelegate.invoke (node_modules/.pnpm/zone.js@0.15.1/node_modules/zone.js/fesm2015/zone.js:397:34)
	Expected 'ERP Admin' to contain 'Purchase Orders'.
	    at <Jasmine>
	    at UserContext.apply (src/app/layout/sidebar/sidebar.component.spec.ts:44:39)
	    at _ZoneDelegate.invoke (node_modules/.pnpm/zone.js@0.15.1/node_modules/zone.js/fesm2015/zone.js:398:28)
	    at ProxyZoneSpec.onInvoke (node_modules/.pnpm/zone.js@0.15.1/node_modules/zone.js/fesm2015/zone-testing.js:2132:39)
	    at _ZoneDelegate.invoke (node_modules/.pnpm/zone.js@0.15.1/node_modules/zone.js/fesm2015/zone.js:397:34)
Chrome Headless 144.0.0.0 (Windows 10): Executed 1 of 142[31m (1 FAILED)[39m (0 secs / 0.113 secs)
[1A[2KChrome Headless 144.0.0.0 (Windows 10): Executed 2 of 142[31m (1 FAILED)[39m (0 secs / 0.124 secs)
[1A[2K[31mChrome Headless 144.0.0.0 (Windows 10) SidebarComponent should have correct router links FAILED[39m
	Expected 0 to be greater than 0.
	    at <Jasmine>
	    at UserContext.apply (src/app/layout/sidebar/sidebar.component.spec.ts:58:27)
	    at _ZoneDelegate.invoke (node_modules/.pnpm/zone.js@0.15.1/node_modules/zone.js/fesm2015/zone.js:398:28)
	    at ProxyZoneSpec.onInvoke (node_modules/.pnpm/zone.js@0.15.1/node_modules/zone.js/fesm2015/zone-testing.js:2132:39)
	    at _ZoneDelegate.invoke (node_modules/.pnpm/zone.js@0.15.1/node_modules/zone.js/fesm2015/zone.js:397:34)
Chrome Headless 144.0.0.0 (Windows 10): Executed 3 of 142[31m (2 FAILED)[39m (0 secs / 0.133 secs)
[1A[2KChrome Headless 144.0.0.0 (Windows 10): Executed 4 of 142[31m (2 FAILED)[39m (0 secs / 0.178 secs)
[1A[2KChrome Headless 144.0.0.0 (Windows 10): Executed 5 of 142[31m (2 FAILED)[39m (0 secs / 0.184 secs)
[1A[2KChrome Headless 144.0.0.0 (Windows 10): Executed 6 of 142[31m (2 FAILED)[39m (0 secs / 0.191 secs)
[1A[2KChrome Headless 144.0.0.0 (Windows 10): Executed 7 of 142[31m (2 FAILED)[39m (0 secs / 0.198 secs)
[1A[2KChrome Headless 144.0.0.0 (Windows 10): Executed 8 of 142[31m (2 FAILED)[39m (0 secs / 0.204 secs)
[1A[2KChrome Headless 144.0.0.0 (Windows 10): Executed 9 of 142[31m (2 FAILED)[39m (0 secs / 0.212 secs)
[1A[2KChrome Headless 144.0.0.0 (Windows 10): Executed 10 of 142[31m (2 FAILED)[39m (0 secs / 0.216 secs)
[1A[2KChrome Headless 144.0.0.0 (Windows 10): Executed 11 of 142[31m (2 FAILED)[39m (0 secs / 0.25 secs)
[1A[2KChrome Headless 144.0.0.0 (Windows 10): Executed 12 of 142[31m (2 FAILED)[39m (0 secs / 0.263 secs)
[1A[2KChrome Headless 144.0.0.0 (Windows 10): Executed 13 of 142[31m (2 FAILED)[39m (0 secs / 0.277 secs)
[1A[2KChrome Headless 144.0.0.0 (Windows 10): Executed 14 of 142[31m (2 FAILED)[39m (0 secs / 0.289 secs)
[1A[2KChrome Headless 144.0.0.0 (Windows 10): Executed 15 of 142[31m (2 FAILED)[39m (0 secs / 0.294 secs)
[1A[2KChrome Headless 144.0.0.0 (Windows 10): Executed 16 of 142[31m (2 FAILED)[39m (0 secs / 0.298 secs)
[1A[2KChrome Headless 144.0.0.0 (Windows 10): Executed 17 of 142[31m (2 FAILED)[39m (0 secs / 0.356 secs)
[1A[2KChrome Headless 144.0.0.0 (Windows 10): Executed 18 of 142[31m (2 FAILED)[39m (0 secs / 0.378 secs)
[1A[2KChrome Headless 144.0.0.0 (Windows 10): Executed 19 of 142[31m (2 FAILED)[39m (0 secs / 0.395 secs)
[1A[2KChrome Headless 144.0.0.0 (Windows 10): Executed 20 of 142[31m (2 FAILED)[39m (0 secs / 0.414 secs)
[1A[2KChrome Headless 144.0.0.0 (Windows 10): Executed 21 of 142[31m (2 FAILED)[39m (0 secs / 0.434 secs)
[1A[2KChrome Headless 144.0.0.0 (Windows 10): Executed 22 of 142[31m (2 FAILED)[39m (0 secs / 0.435 secs)
[1A[2KChrome Headless 144.0.0.0 (Windows 10): Executed 23 of 142[31m (2 FAILED)[39m (0 secs / 0.436 secs)
[1A[2KChrome Headless 144.0.0.0 (Windows 10): Executed 24 of 142[31m (2 FAILED)[39m (0 secs / 0.437 secs)
[1A[2KChrome Headless 144.0.0.0 (Windows 10): Executed 25 of 142[31m (2 FAILED)[39m (0 secs / 0.44 secs)
[1A[2KChrome Headless 144.0.0.0 (Windows 10): Executed 26 of 142[31m (2 FAILED)[39m (0 secs / 0.442 secs)
[1A[2KChrome Headless 144.0.0.0 (Windows 10): Executed 27 of 142[31m (2 FAILED)[39m (0 secs / 0.443 secs)
[1A[2KChrome Headless 144.0.0.0 (Windows 10): Executed 28 of 142[31m (2 FAILED)[39m (0 secs / 0.445 secs)
[1A[2KChrome Headless 144.0.0.0 (Windows 10): Executed 29 of 142[31m (2 FAILED)[39m (0 secs / 0.446 secs)
[1A[2KChrome Headless 144.0.0.0 (Windows 10): Executed 30 of 142[31m (2 FAILED)[39m (0 secs / 0.449 secs)
[1A[2KChrome Headless 144.0.0.0 (Windows 10): Executed 31 of 142[31m (2 FAILED)[39m (0 secs / 0.45 secs)
[1A[2KChrome Headless 144.0.0.0 (Windows 10): Executed 32 of 142[31m (2 FAILED)[39m (0 secs / 0.451 secs)
[1A[2KChrome Headless 144.0.0.0 (Windows 10): Executed 33 of 142[31m (2 FAILED)[39m (0 secs / 0.452 secs)
[1A[2KChrome Headless 144.0.0.0 (Windows 10): Executed 34 of 142[31m (2 FAILED)[39m (0 secs / 0.454 secs)
[1A[2KChrome Headless 144.0.0.0 (Windows 10): Executed 35 of 142[31m (2 FAILED)[39m (0 secs / 0.455 secs)
[1A[2KChrome Headless 144.0.0.0 (Windows 10): Executed 36 of 142[31m (2 FAILED)[39m (0 secs / 0.456 secs)
[1A[2KChrome Headless 144.0.0.0 (Windows 10): Executed 37 of 142[31m (2 FAILED)[39m (0 secs / 0.457 secs)
[1A[2KChrome Headless 144.0.0.0 (Windows 10): Executed 38 of 142[31m (2 FAILED)[39m (0 secs / 0.458 secs)
[1A[2KChrome Headless 144.0.0.0 (Windows 10): Executed 39 of 142[31m (2 FAILED)[39m (0 secs / 0.481 secs)
[1A[2KChrome Headless 144.0.0.0 (Windows 10): Executed 40 of 142[31m (2 FAILED)[39m (0 secs / 0.498 secs)
[1A[2KChrome Headless 144.0.0.0 (Windows 10): Executed 41 of 142[31m (2 FAILED)[39m (0 secs / 0.507 secs)
[1A[2KChrome Headless 144.0.0.0 (Windows 10): Executed 42 of 142[31m (2 FAILED)[39m (0 secs / 0.539 secs)
[1A[2KLOG: [36m'Dashboard stats results:', Object{users: Object{items: [], total: 100, page: 1, pageSize: 10, totalPages: 1, hasPreviousPage: false, hasNextPage: false}, products: Object{total: 50, items: []}, customers: Object{total: 200, items: []}, warehouses: Object{total: 5, items: []}}[39m
Chrome Headless 144.0.0.0 (Windows 10): Executed 42 of 142[31m (2 FAILED)[39m (0 secs / 0.539 secs)
LOG: 'Dashboard stats results:', Object{users: Object{items: [], total: 100, page: 1, pageSize: 10, totalPages: 1, hasPreviousPage: false, hasNextPage: false}, products: Object{total: 50, items: []}, customers: Object{total: 200, items: []}, warehouses: Object{total: 5, items: []}}
[1A[2KChrome Headless 144.0.0.0 (Windows 10): Executed 43 of 142[31m (2 FAILED)[39m (0 secs / 0.551 secs)
[1A[2KLOG: [36m'Dashboard stats results:', Object{users: Object{items: [], total: 100, page: 1, pageSize: 10, totalPages: 1, hasPreviousPage: false, hasNextPage: false}, products: Object{total: 50, items: []}, customers: Object{total: 200, items: []}, warehouses: Object{total: 5, items: []}}[39m
Chrome Headless 144.0.0.0 (Windows 10): Executed 43 of 142[31m (2 FAILED)[39m (0 secs / 0.551 secs)
LOG: 'Dashboard stats results:', Object{users: Object{items: [], total: 100, page: 1, pageSize: 10, totalPages: 1, hasPreviousPage: false, hasNextPage: false}, products: Object{total: 50, items: []}, customers: Object{total: 200, items: []}, warehouses: Object{total: 5, items: []}}
[1A[2KChrome Headless 144.0.0.0 (Windows 10): Executed 44 of 142[31m (2 FAILED)[39m (0 secs / 0.555 secs)
[1A[2KChrome Headless 144.0.0.0 (Windows 10): Executed 45 of 142[31m (2 FAILED)[39m (0 secs / 0.556 secs)
[1A[2KChrome Headless 144.0.0.0 (Windows 10): Executed 46 of 142[31m (2 FAILED)[39m (0 secs / 0.557 secs)
[1A[2KChrome Headless 144.0.0.0 (Windows 10): Executed 47 of 142[31m (2 FAILED)[39m (0 secs / 0.558 secs)
[1A[2KChrome Headless 144.0.0.0 (Windows 10): Executed 48 of 142[31m (2 FAILED)[39m (0 secs / 0.559 secs)
[1A[2KChrome Headless 144.0.0.0 (Windows 10): Executed 49 of 142[31m (2 FAILED)[39m (0 secs / 0.614 secs)
[1A[2KChrome Headless 144.0.0.0 (Windows 10): Executed 50 of 142[31m (2 FAILED)[39m (0 secs / 0.638 secs)
[1A[2KChrome Headless 144.0.0.0 (Windows 10): Executed 51 of 142[31m (2 FAILED)[39m (0 secs / 0.659 secs)
[1A[2KChrome Headless 144.0.0.0 (Windows 10): Executed 52 of 142[31m (2 FAILED)[39m (0 secs / 0.661 secs)
[1A[2KChrome Headless 144.0.0.0 (Windows 10): Executed 53 of 142[31m (2 FAILED)[39m (0 secs / 0.663 secs)
[1A[2KChrome Headless 144.0.0.0 (Windows 10): Executed 54 of 142[31m (2 FAILED)[39m (0 secs / 0.664 secs)
[1A[2KChrome Headless 144.0.0.0 (Windows 10): Executed 55 of 142[31m (2 FAILED)[39m (0 secs / 0.665 secs)
[1A[2KChrome Headless 144.0.0.0 (Windows 10): Executed 56 of 142[31m (2 FAILED)[39m (0 secs / 0.699 secs)
[1A[2KChrome Headless 144.0.0.0 (Windows 10): Executed 57 of 142[31m (2 FAILED)[39m (0 secs / 0.714 secs)
[1A[2KChrome Headless 144.0.0.0 (Windows 10): Executed 58 of 142[31m (2 FAILED)[39m (0 secs / 0.729 secs)
[1A[2KChrome Headless 144.0.0.0 (Windows 10): Executed 59 of 142[31m (2 FAILED)[39m (0 secs / 0.753 secs)
[1A[2KChrome Headless 144.0.0.0 (Windows 10): Executed 60 of 142[31m (2 FAILED)[39m (0 secs / 0.767 secs)
[1A[2KChrome Headless 144.0.0.0 (Windows 10): Executed 61 of 142[31m (2 FAILED)[39m (0 secs / 0.783 secs)
[1A[2K[31mChrome Headless 144.0.0.0 (Windows 10) authGuard should redirect to login if user is not authenticated FAILED[39m
	TypeError: Cannot read properties of undefined (reading 'pipe')
	    at authGuard (src/app/core/guards/auth.guard.ts:10:33)
	    at fn (src/app/core/guards/auth.guard.spec.ts:48:31)
	    at runInInjectionContext (node_modules/.pnpm/@angular+core@21.1.1_@angular+compiler@21.1.1_rxjs@7.8.2_zone.js@0.15.1/node_modules/@angular/core/fesm2022/_untracked-chunk.mjs:1458:12)
	    at TestBedImpl.runInInjectionContext (node_modules/.pnpm/@angular+core@21.1.1_@angular+compiler@21.1.1_rxjs@7.8.2_zone.js@0.15.1/node_modules/@angular/core/fesm2022/testing.mjs:1417:33)
	    at TestBedImpl.runInInjectionContext (node_modules/.pnpm/@angular+core@21.1.1_@angular+compiler@21.1.1_rxjs@7.8.2_zone.js@0.15.1/node_modules/@angular/core/fesm2022/testing.mjs:1303:33)
	    at UserContext.apply (src/app/core/guards/auth.guard.spec.ts:47:13)
	    at _ZoneDelegate.invoke (node_modules/.pnpm/zone.js@0.15.1/node_modules/zone.js/fesm2015/zone.js:398:28)
	    at ProxyZoneSpec.onInvoke (node_modules/.pnpm/zone.js@0.15.1/node_modules/zone.js/fesm2015/zone-testing.js:2132:39)
	    at _ZoneDelegate.invoke (node_modules/.pnpm/zone.js@0.15.1/node_modules/zone.js/fesm2015/zone.js:397:34)
	    at ZoneImpl.run (node_modules/.pnpm/zone.js@0.15.1/node_modules/zone.js/fesm2015/zone.js:113:43)
Chrome Headless 144.0.0.0 (Windows 10): Executed 62 of 142[31m (3 FAILED)[39m (0 secs / 0.786 secs)
[1A[2K[31mChrome Headless 144.0.0.0 (Windows 10) authGuard should allow activation if user is authenticated FAILED[39m
	TypeError: Cannot read properties of undefined (reading 'pipe')
	    at authGuard (src/app/core/guards/auth.guard.ts:10:33)
	    at fn (src/app/core/guards/auth.guard.spec.ts:30:31)
	    at runInInjectionContext (node_modules/.pnpm/@angular+core@21.1.1_@angular+compiler@21.1.1_rxjs@7.8.2_zone.js@0.15.1/node_modules/@angular/core/fesm2022/_untracked-chunk.mjs:1458:12)
	    at TestBedImpl.runInInjectionContext (node_modules/.pnpm/@angular+core@21.1.1_@angular+compiler@21.1.1_rxjs@7.8.2_zone.js@0.15.1/node_modules/@angular/core/fesm2022/testing.mjs:1417:33)
	    at TestBedImpl.runInInjectionContext (node_modules/.pnpm/@angular+core@21.1.1_@angular+compiler@21.1.1_rxjs@7.8.2_zone.js@0.15.1/node_modules/@angular/core/fesm2022/testing.mjs:1303:33)
	    at UserContext.apply (src/app/core/guards/auth.guard.spec.ts:29:13)
	    at _ZoneDelegate.invoke (node_modules/.pnpm/zone.js@0.15.1/node_modules/zone.js/fesm2015/zone.js:398:28)
	    at ProxyZoneSpec.onInvoke (node_modules/.pnpm/zone.js@0.15.1/node_modules/zone.js/fesm2015/zone-testing.js:2132:39)
	    at _ZoneDelegate.invoke (node_modules/.pnpm/zone.js@0.15.1/node_modules/zone.js/fesm2015/zone.js:397:34)
	    at ZoneImpl.run (node_modules/.pnpm/zone.js@0.15.1/node_modules/zone.js/fesm2015/zone.js:113:43)
Chrome Headless 144.0.0.0 (Windows 10): Executed 63 of 142[31m (4 FAILED)[39m (0 secs / 0.788 secs)
[1A[2KChrome Headless 144.0.0.0 (Windows 10): Executed 64 of 142[31m (4 FAILED)[39m (0 secs / 0.79 secs)
[1A[2KChrome Headless 144.0.0.0 (Windows 10): Executed 65 of 142[31m (4 FAILED)[39m (0 secs / 0.791 secs)
[1A[2KChrome Headless 144.0.0.0 (Windows 10): Executed 66 of 142[31m (4 FAILED)[39m (0 secs / 0.792 secs)
[1A[2KChrome Headless 144.0.0.0 (Windows 10): Executed 67 of 142[31m (4 FAILED)[39m (0 secs / 0.794 secs)
[1A[2KChrome Headless 144.0.0.0 (Windows 10): Executed 68 of 142[31m (4 FAILED)[39m (0 secs / 0.806 secs)
[1A[2KChrome Headless 144.0.0.0 (Windows 10): Executed 69 of 142[31m (4 FAILED)[39m (0 secs / 0.814 secs)
[1A[2KChrome Headless 144.0.0.0 (Windows 10): Executed 70 of 142[31m (4 FAILED)[39m (0 secs / 0.821 secs)
[1A[2KChrome Headless 144.0.0.0 (Windows 10): Executed 71 of 142[31m (4 FAILED)[39m (0 secs / 0.854 secs)
[1A[2KChrome Headless 144.0.0.0 (Windows 10): Executed 72 of 142[31m (4 FAILED)[39m (0 secs / 0.876 secs)
[1A[2KChrome Headless 144.0.0.0 (Windows 10): Executed 73 of 142[31m (4 FAILED)[39m (0 secs / 0.897 secs)
[1A[2KChrome Headless 144.0.0.0 (Windows 10): Executed 74 of 142[31m (4 FAILED)[39m (0 secs / 0.919 secs)
[1A[2KChrome Headless 144.0.0.0 (Windows 10): Executed 75 of 142[31m (4 FAILED)[39m (0 secs / 0.937 secs)
[1A[2KChrome Headless 144.0.0.0 (Windows 10): Executed 76 of 142[31m (4 FAILED)[39m (0 secs / 0.956 secs)
[1A[2KChrome Headless 144.0.0.0 (Windows 10): Executed 77 of 142[31m (4 FAILED)[39m (0 secs / 0.973 secs)
[1A[2KChrome Headless 144.0.0.0 (Windows 10): Executed 78 of 142[31m (4 FAILED)[39m (0 secs / 0.992 secs)
[1A[2KChrome Headless 144.0.0.0 (Windows 10): Executed 79 of 142[31m (4 FAILED)[39m (0 secs / 1.006 secs)
[1A[2KChrome Headless 144.0.0.0 (Windows 10): Executed 80 of 142[31m (4 FAILED)[39m (0 secs / 1.018 secs)
[1A[2KChrome Headless 144.0.0.0 (Windows 10): Executed 81 of 142[31m (4 FAILED)[39m (0 secs / 1.02 secs)
[1A[2KChrome Headless 144.0.0.0 (Windows 10): Executed 82 of 142[31m (4 FAILED)[39m (0 secs / 1.021 secs)
[1A[2KChrome Headless 144.0.0.0 (Windows 10): Executed 83 of 142[31m (4 FAILED)[39m (0 secs / 1.022 secs)
[1A[2KChrome Headless 144.0.0.0 (Windows 10): Executed 84 of 142[31m (4 FAILED)[39m (0 secs / 1.023 secs)
[1A[2KChrome Headless 144.0.0.0 (Windows 10): Executed 85 of 142[31m (4 FAILED)[39m (0 secs / 1.047 secs)
[1A[2KChrome Headless 144.0.0.0 (Windows 10): Executed 86 of 142[31m (4 FAILED)[39m (0 secs / 1.064 secs)
[1A[2KChrome Headless 144.0.0.0 (Windows 10): Executed 87 of 142[31m (4 FAILED)[39m (0 secs / 1.082 secs)
[1A[2KChrome Headless 144.0.0.0 (Windows 10): Executed 88 of 142[31m (4 FAILED)[39m (0 secs / 1.099 secs)
[1A[2KChrome Headless 144.0.0.0 (Windows 10): Executed 89 of 142[31m (4 FAILED)[39m (0 secs / 1.114 secs)
[1A[2KChrome Headless 144.0.0.0 (Windows 10): Executed 90 of 142[31m (4 FAILED)[39m (0 secs / 1.157 secs)
[1A[2KChrome Headless 144.0.0.0 (Windows 10): Executed 91 of 142[31m (4 FAILED)[39m (0 secs / 1.173 secs)
[1A[2KChrome Headless 144.0.0.0 (Windows 10): Executed 92 of 142[31m (4 FAILED)[39m (0 secs / 1.189 secs)
[1A[2KChrome Headless 144.0.0.0 (Windows 10): Executed 93 of 142[31m (4 FAILED)[39m (0 secs / 1.208 secs)
[1A[2KChrome Headless 144.0.0.0 (Windows 10): Executed 94 of 142[31m (4 FAILED)[39m (0 secs / 1.23 secs)
[1A[2KChrome Headless 144.0.0.0 (Windows 10): Executed 95 of 142[31m (4 FAILED)[39m (0 secs / 1.246 secs)
[1A[2KChrome Headless 144.0.0.0 (Windows 10): Executed 96 of 142[31m (4 FAILED)[39m (0 secs / 1.264 secs)
[1A[2KChrome Headless 144.0.0.0 (Windows 10): Executed 97 of 142[31m (4 FAILED)[39m (0 secs / 1.282 secs)
[1A[2KChrome Headless 144.0.0.0 (Windows 10): Executed 98 of 142[31m (4 FAILED)[39m (0 secs / 1.299 secs)
[1A[2KChrome Headless 144.0.0.0 (Windows 10): Executed 99 of 142[31m (4 FAILED)[39m (0 secs / 1.313 secs)
[1A[2KChrome Headless 144.0.0.0 (Windows 10): Executed 100 of 142[31m (4 FAILED)[39m (0 secs / 1.336 secs)
[1A[2KChrome Headless 144.0.0.0 (Windows 10): Executed 101 of 142[31m (4 FAILED)[39m (0 secs / 1.349 secs)
[1A[2KChrome Headless 144.0.0.0 (Windows 10): Executed 102 of 142[31m (4 FAILED)[39m (0 secs / 1.362 secs)
[1A[2KERROR: [36mError: Error
Error: Error
    at errorFactory (http://localhost:9876/_karma_webpack_/webpack:/src/app/features/sales/sales-orders-list/sales-orders-list.component.spec.ts:78:73)
    at Observable._subscribe (http://localhost:9876/_karma_webpack_/webpack:/node_modules/.pnpm/rxjs@7.8.2/node_modules/rxjs/dist/esm/internal/observable/throwError.js:5:51)
    at Observable._trySubscribe (http://localhost:9876/_karma_webpack_/webpack:/node_modules/.pnpm/rxjs@7.8.2/node_modules/rxjs/dist/esm/internal/Observable.js:37:25)
    at cb (http://localhost:9876/_karma_webpack_/webpack:/node_modules/.pnpm/rxjs@7.8.2/node_modules/rxjs/dist/esm/internal/Observable.js:31:30)
    at errorContext (http://localhost:9876/_karma_webpack_/webpack:/node_modules/.pnpm/rxjs@7.8.2/node_modules/rxjs/dist/esm/internal/util/errorContext.js:19:9)
    at Observable.subscribe (http://localhost:9876/_karma_webpack_/webpack:/node_modules/.pnpm/rxjs@7.8.2/node_modules/rxjs/dist/esm/internal/Observable.js:22:21)
    at SalesOrdersListComponent.exportToXlsx (http://localhost:9876/_karma_webpack_/webpack:/src/app/core/base/base-list.component.ts:119:33)
    at UserContext.apply (http://localhost:9876/_karma_webpack_/webpack:/src/app/features/sales/sales-orders-list/sales-orders-list.component.spec.ts:80:15)
    at _ZoneDelegate.invoke (http://localhost:9876/_karma_webpack_/webpack:/node_modules/.pnpm/zone.js@0.15.1/node_modules/zone.js/fesm2015/zone.js:398:28)
    at ProxyZoneSpec.onInvoke (http://localhost:9876/_karma_webpack_/webpack:/node_modules/.pnpm/zone.js@0.15.1/node_modules/zone.js/fesm2015/zone-testing.js:2132:39)[39m
Chrome Headless 144.0.0.0 (Windows 10): Executed 102 of 142[31m (4 FAILED)[39m (0 secs / 1.362 secs)
ERROR: Error: Error
Error: Error
    at errorFactory (http://localhost:9876/_karma_webpack_/webpack:/src/app/features/sales/sales-orders-list/sales-orders-list.component.spec.ts:78:73)
    at Observable._subscribe (http://localhost:9876/_karma_webpack_/webpack:/node_modules/.pnpm/rxjs@7.8.2/node_modules/rxjs/dist/esm/internal/observable/throwError.js:5:51)
    at Observable._trySubscribe (http://localhost:9876/_karma_webpack_/webpack:/node_modules/.pnpm/rxjs@7.8.2/node_modules/rxjs/dist/esm/internal/Observable.js:37:25)
    at cb (http://localhost:9876/_karma_webpack_/webpack:/node_modules/.pnpm/rxjs@7.8.2/node_modules/rxjs/dist/esm/internal/Observable.js:31:30)
    at errorContext (http://localhost:9876/_karma_webpack_/webpack:/node_modules/.pnpm/rxjs@7.8.2/node_modules/rxjs/dist/esm/internal/util/errorContext.js:19:9)
    at Observable.subscribe (http://localhost:9876/_karma_webpack_/webpack:/node_modules/.pnpm/rxjs@7.8.2/node_modules/rxjs/dist/esm/internal/Observable.js:22:21)
    at SalesOrdersListComponent.exportToXlsx (http://localhost:9876/_karma_webpack_/webpack:/src/app/core/base/base-list.component.ts:119:33)
    at UserContext.apply (http://localhost:9876/_karma_webpack_/webpack:/src/app/features/sales/sales-orders-list/sales-orders-list.component.spec.ts:80:15)
    at _ZoneDelegate.invoke (http://localhost:9876/_karma_webpack_/webpack:/node_modules/.pnpm/zone.js@0.15.1/node_modules/zone.js/fesm2015/zone.js:398:28)
    at ProxyZoneSpec.onInvoke (http://localhost:9876/_karma_webpack_/webpack:/node_modules/.pnpm/zone.js@0.15.1/node_modules/zone.js/fesm2015/zone-testing.js:2132:39)
[1A[2KChrome Headless 144.0.0.0 (Windows 10): Executed 103 of 142[31m (4 FAILED)[39m (0 secs / 1.376 secs)
[1A[2KChrome Headless 144.0.0.0 (Windows 10): Executed 104 of 142[31m (4 FAILED)[39m (0 secs / 1.391 secs)
[1A[2KChrome Headless 144.0.0.0 (Windows 10): Executed 105 of 142[31m (4 FAILED)[39m (0 secs / 1.404 secs)
[1A[2KERROR: [36mError: Error
Error: Error
    at errorFactory (http://localhost:9876/_karma_webpack_/webpack:/src/app/features/sales/sales-orders-list/sales-orders-list.component.spec.ts:98:72)
    at Observable._subscribe (http://localhost:9876/_karma_webpack_/webpack:/node_modules/.pnpm/rxjs@7.8.2/node_modules/rxjs/dist/esm/internal/observable/throwError.js:5:51)
    at Observable._trySubscribe (http://localhost:9876/_karma_webpack_/webpack:/node_modules/.pnpm/rxjs@7.8.2/node_modules/rxjs/dist/esm/internal/Observable.js:37:25)
    at cb (http://localhost:9876/_karma_webpack_/webpack:/node_modules/.pnpm/rxjs@7.8.2/node_modules/rxjs/dist/esm/internal/Observable.js:31:30)
    at errorContext (http://localhost:9876/_karma_webpack_/webpack:/node_modules/.pnpm/rxjs@7.8.2/node_modules/rxjs/dist/esm/internal/util/errorContext.js:19:9)
    at Observable.subscribe (http://localhost:9876/_karma_webpack_/webpack:/node_modules/.pnpm/rxjs@7.8.2/node_modules/rxjs/dist/esm/internal/Observable.js:22:21)
    at SalesOrdersListComponent.exportToPdf (http://localhost:9876/_karma_webpack_/webpack:/src/app/core/base/base-list.component.ts:132:32)
    at UserContext.apply (http://localhost:9876/_karma_webpack_/webpack:/src/app/features/sales/sales-orders-list/sales-orders-list.component.spec.ts:100:15)
    at _ZoneDelegate.invoke (http://localhost:9876/_karma_webpack_/webpack:/node_modules/.pnpm/zone.js@0.15.1/node_modules/zone.js/fesm2015/zone.js:398:28)
    at ProxyZoneSpec.onInvoke (http://localhost:9876/_karma_webpack_/webpack:/node_modules/.pnpm/zone.js@0.15.1/node_modules/zone.js/fesm2015/zone-testing.js:2132:39)[39m
Chrome Headless 144.0.0.0 (Windows 10): Executed 105 of 142[31m (4 FAILED)[39m (0 secs / 1.404 secs)
ERROR: Error: Error
Error: Error
    at errorFactory (http://localhost:9876/_karma_webpack_/webpack:/src/app/features/sales/sales-orders-list/sales-orders-list.component.spec.ts:98:72)
    at Observable._subscribe (http://localhost:9876/_karma_webpack_/webpack:/node_modules/.pnpm/rxjs@7.8.2/node_modules/rxjs/dist/esm/internal/observable/throwError.js:5:51)
    at Observable._trySubscribe (http://localhost:9876/_karma_webpack_/webpack:/node_modules/.pnpm/rxjs@7.8.2/node_modules/rxjs/dist/esm/internal/Observable.js:37:25)
    at cb (http://localhost:9876/_karma_webpack_/webpack:/node_modules/.pnpm/rxjs@7.8.2/node_modules/rxjs/dist/esm/internal/Observable.js:31:30)
    at errorContext (http://localhost:9876/_karma_webpack_/webpack:/node_modules/.pnpm/rxjs@7.8.2/node_modules/rxjs/dist/esm/internal/util/errorContext.js:19:9)
    at Observable.subscribe (http://localhost:9876/_karma_webpack_/webpack:/node_modules/.pnpm/rxjs@7.8.2/node_modules/rxjs/dist/esm/internal/Observable.js:22:21)
    at SalesOrdersListComponent.exportToPdf (http://localhost:9876/_karma_webpack_/webpack:/src/app/core/base/base-list.component.ts:132:32)
    at UserContext.apply (http://localhost:9876/_karma_webpack_/webpack:/src/app/features/sales/sales-orders-list/sales-orders-list.component.spec.ts:100:15)
    at _ZoneDelegate.invoke (http://localhost:9876/_karma_webpack_/webpack:/node_modules/.pnpm/zone.js@0.15.1/node_modules/zone.js/fesm2015/zone.js:398:28)
    at ProxyZoneSpec.onInvoke (http://localhost:9876/_karma_webpack_/webpack:/node_modules/.pnpm/zone.js@0.15.1/node_modules/zone.js/fesm2015/zone-testing.js:2132:39)
[1A[2KChrome Headless 144.0.0.0 (Windows 10): Executed 106 of 142[31m (4 FAILED)[39m (0 secs / 1.419 secs)
[1A[2KChrome Headless 144.0.0.0 (Windows 10): Executed 107 of 142[31m (4 FAILED)[39m (0 secs / 1.442 secs)
[1A[2KChrome Headless 144.0.0.0 (Windows 10): Executed 108 of 142[31m (4 FAILED)[39m (0 secs / 1.457 secs)
[1A[2KChrome Headless 144.0.0.0 (Windows 10): Executed 109 of 142[31m (4 FAILED)[39m (0 secs / 1.471 secs)
[1A[2KChrome Headless 144.0.0.0 (Windows 10): Executed 110 of 142[31m (4 FAILED)[39m (0 secs / 1.473 secs)
[1A[2KChrome Headless 144.0.0.0 (Windows 10): Executed 111 of 142[31m (4 FAILED)[39m (0 secs / 1.474 secs)
[1A[2KChrome Headless 144.0.0.0 (Windows 10): Executed 112 of 142[31m (4 FAILED)[39m (0 secs / 1.475 secs)
[1A[2KChrome Headless 144.0.0.0 (Windows 10): Executed 113 of 142[31m (4 FAILED)[39m (0 secs / 1.477 secs)
[1A[2KChrome Headless 144.0.0.0 (Windows 10): Executed 114 of 142[31m (4 FAILED)[39m (0 secs / 1.479 secs)
[1A[2KChrome Headless 144.0.0.0 (Windows 10): Executed 115 of 142[31m (4 FAILED)[39m (0 secs / 1.48 secs)
[1A[2KChrome Headless 144.0.0.0 (Windows 10): Executed 116 of 142[31m (4 FAILED)[39m (0 secs / 1.505 secs)
[1A[2KChrome Headless 144.0.0.0 (Windows 10): Executed 117 of 142[31m (4 FAILED)[39m (0 secs / 1.516 secs)
[1A[2KChrome Headless 144.0.0.0 (Windows 10): Executed 118 of 142[31m (4 FAILED)[39m (0 secs / 1.529 secs)
[1A[2KChrome Headless 144.0.0.0 (Windows 10): Executed 119 of 142[31m (4 FAILED)[39m (0 secs / 1.542 secs)
[1A[2KChrome Headless 144.0.0.0 (Windows 10): Executed 120 of 142[31m (4 FAILED)[39m (0 secs / 1.549 secs)
[1A[2KChrome Headless 144.0.0.0 (Windows 10): Executed 121 of 142[31m (4 FAILED)[39m (0 secs / 1.557 secs)
[1A[2KChrome Headless 144.0.0.0 (Windows 10): Executed 122 of 142[31m (4 FAILED)[39m (0 secs / 1.562 secs)
[1A[2KChrome Headless 144.0.0.0 (Windows 10): Executed 123 of 142[31m (4 FAILED)[39m (0 secs / 1.569 secs)
[1A[2KChrome Headless 144.0.0.0 (Windows 10): Executed 124 of 142[31m (4 FAILED)[39m (0 secs / 1.57 secs)
[1A[2KChrome Headless 144.0.0.0 (Windows 10): Executed 125 of 142[31m (4 FAILED)[39m (0 secs / 1.57 secs)
[1A[2KChrome Headless 144.0.0.0 (Windows 10): Executed 126 of 142[31m (4 FAILED)[39m (0 secs / 1.571 secs)
[1A[2KChrome Headless 144.0.0.0 (Windows 10): Executed 127 of 142[31m (4 FAILED)[39m (0 secs / 1.577 secs)
[1A[2KChrome Headless 144.0.0.0 (Windows 10): Executed 128 of 142[31m (4 FAILED)[39m (0 secs / 1.579 secs)
[1A[2KChrome Headless 144.0.0.0 (Windows 10): Executed 129 of 142[31m (4 FAILED)[39m (0 secs / 1.599 secs)
[1A[2KChrome Headless 144.0.0.0 (Windows 10): Executed 130 of 142[31m (4 FAILED)[39m (0 secs / 1.61 secs)
[1A[2KChrome Headless 144.0.0.0 (Windows 10): Executed 131 of 142[31m (4 FAILED)[39m (0 secs / 1.623 secs)
[1A[2KChrome Headless 144.0.0.0 (Windows 10): Executed 132 of 142[31m (4 FAILED)[39m (0 secs / 1.651 secs)
[1A[2KChrome Headless 144.0.0.0 (Windows 10): Executed 133 of 142[31m (4 FAILED)[39m (0 secs / 1.67 secs)
[1A[2KChrome Headless 144.0.0.0 (Windows 10): Executed 134 of 142[31m (4 FAILED)[39m (0 secs / 1.691 secs)
[1A[2KChrome Headless 144.0.0.0 (Windows 10): Executed 135 of 142[31m (4 FAILED)[39m (0 secs / 1.705 secs)
[1A[2KChrome Headless 144.0.0.0 (Windows 10): Executed 136 of 142[31m (4 FAILED)[39m (0 secs / 1.716 secs)
[1A[2KChrome Headless 144.0.0.0 (Windows 10): Executed 137 of 142[31m (4 FAILED)[39m (0 secs / 1.728 secs)
[1A[2KChrome Headless 144.0.0.0 (Windows 10): Executed 138 of 142[31m (4 FAILED)[39m (0 secs / 1.74 secs)
[1A[2KChrome Headless 144.0.0.0 (Windows 10): Executed 139 of 142[31m (4 FAILED)[39m (0 secs / 1.742 secs)
[1A[2KChrome Headless 144.0.0.0 (Windows 10): Executed 140 of 142[31m (4 FAILED)[39m (0 secs / 1.743 secs)
[1A[2KChrome Headless 144.0.0.0 (Windows 10): Executed 141 of 142[31m (4 FAILED)[39m (0 secs / 1.743 secs)
[1A[2KChrome Headless 144.0.0.0 (Windows 10): Executed 142 of 142[31m (4 FAILED)[39m (0 secs / 1.743 secs)
[1A[2KChrome Headless 144.0.0.0 (Windows 10): Executed 142 of 142[31m (4 FAILED)[39m (1.896 secs / 1.743 secs)
[31mTOTAL: 4 FAILED, 138 SUCCESS[39m
Ã”Â£Ã¶ Browser application bundle generation complete.
Ã”Ã‡Ã«ELIFECYCLEÃ”Ã‡Ã« Test failed. See above for more details.
